# JRE version: Java(TM) SE Runtime Environment (8.0_45-b15) (build 1.8.0_45-b15)
# Java VM: Java HotSpot(TM) 64-Bit Server VM (25.45-b02 mixed mode windows-amd64 compressed oops)
Heap:
 PSYoungGen      total 86016K, used 45110K [0x00000000f5580000, 0x00000000fbc80000, 0x0000000100000000)
  eden space 71680K, 55% used [0x00000000f5580000,0x00000000f7ca54d8,0x00000000f9b80000)
  from space 14336K, 35% used [0x00000000fae80000,0x00000000fb368450,0x00000000fbc80000)
  to   space 16896K, 0% used [0x00000000f9b80000,0x00000000f9b80000,0x00000000fac00000)
 ParOldGen       total 115200K, used 50472K [0x00000000e0000000, 0x00000000e7080000, 0x00000000f5580000)
  object space 115200K, 43% used [0x00000000e0000000,0x00000000e314a0d8,0x00000000e7080000)
 Metaspace       used 80945K, capacity 87680K, committed 87936K, reserved 1126400K
  class space    used 9675K, capacity 11787K, committed 11904K, reserved 1048576K
GC Heap History (10 events):
Event: 471.967 GC heap before
{Heap before GC invocations=26 (full 6):
 PSYoungGen      total 87040K, used 86827K [0x00000000f5580000, 0x00000000fcf00000, 0x0000000100000000)
  eden space 81408K, 100% used [0x00000000f5580000,0x00000000fa500000,0x00000000fa500000)
  from space 5632K, 96% used [0x00000000fa700000,0x00000000fac4af00,0x00000000fac80000)
  to   space 21504K, 0% used [0x00000000fba00000,0x00000000fba00000,0x00000000fcf00000)
 ParOldGen       total 115200K, used 50448K [0x00000000e0000000, 0x00000000e7080000, 0x00000000f5580000)
  object space 115200K, 43% used [0x00000000e0000000,0x00000000e31440d8,0x00000000e7080000)
 Metaspace       used 79435K, capacity 86224K, committed 86400K, reserved 1124352K
  class space    used 9559K, capacity 11625K, committed 11648K, reserved 1048576K
Event: 471.977 GC heap after
Heap after GC invocations=26 (full 6):
 PSYoungGen      total 96768K, used 3460K [0x00000000f5580000, 0x00000000fcb00000, 0x0000000100000000)
  eden space 79360K, 0% used [0x00000000f5580000,0x00000000f5580000,0x00000000fa300000)
  from space 17408K, 19% used [0x00000000fba00000,0x00000000fbd61220,0x00000000fcb00000)
  to   space 20480K, 0% used [0x00000000fa300000,0x00000000fa300000,0x00000000fb700000)
 ParOldGen       total 115200K, used 50448K [0x00000000e0000000, 0x00000000e7080000, 0x00000000f5580000)
  object space 115200K, 43% used [0x00000000e0000000,0x00000000e31440d8,0x00000000e7080000)
 Metaspace       used 79435K, capacity 86224K, committed 86400K, reserved 1124352K
  class space    used 9559K, capacity 11625K, committed 11648K, reserved 1048576K
}
Event: 478.036 GC heap before
{Heap before GC invocations=27 (full 6):
 PSYoungGen      total 96768K, used 82820K [0x00000000f5580000, 0x00000000fcb00000, 0x0000000100000000)
  eden space 79360K, 100% used [0x00000000f5580000,0x00000000fa300000,0x00000000fa300000)
  from space 17408K, 19% used [0x00000000fba00000,0x00000000fbd61220,0x00000000fcb00000)
  to   space 20480K, 0% used [0x00000000fa300000,0x00000000fa300000,0x00000000fb700000)
 ParOldGen       total 115200K, used 50448K [0x00000000e0000000, 0x00000000e7080000, 0x00000000f5580000)
  object space 115200K, 43% used [0x00000000e0000000,0x00000000e31440d8,0x00000000e7080000)
 Metaspace       used 79572K, capacity 86294K, committed 86400K, reserved 1124352K
  class space    used 9560K, capacity 11626K, committed 11648K, reserved 1048576K
Event: 478.046 GC heap after
Heap after GC invocations=27 (full 6):
 PSYoungGen      total 82432K, used 4964K [0x00000000f5580000, 0x00000000fc800000, 0x0000000100000000)
  eden space 77312K, 0% used [0x00000000f5580000,0x00000000f5580000,0x00000000fa100000)
  from space 5120K, 96% used [0x00000000fa300000,0x00000000fa7d92f0,0x00000000fa800000)
  to   space 19968K, 0% used [0x00000000fb480000,0x00000000fb480000,0x00000000fc800000)
 ParOldGen       total 115200K, used 50456K [0x00000000e0000000, 0x00000000e7080000, 0x00000000f5580000)
  object space 115200K, 43% used [0x00000000e0000000,0x00000000e31460d8,0x00000000e7080000)
 Metaspace       used 79572K, capacity 86294K, committed 86400K, reserved 1124352K
  class space    used 9560K, capacity 11626K, committed 11648K, reserved 1048576K
}
Event: 516.016 GC heap before
{Heap before GC invocations=28 (full 6):
 PSYoungGen      total 82432K, used 82276K [0x00000000f5580000, 0x00000000fc800000, 0x0000000100000000)
  eden space 77312K, 100% used [0x00000000f5580000,0x00000000fa100000,0x00000000fa100000)
  from space 5120K, 96% used [0x00000000fa300000,0x00000000fa7d92f0,0x00000000fa800000)
  to   space 19968K, 0% used [0x00000000fb480000,0x00000000fb480000,0x00000000fc800000)
 ParOldGen       total 115200K, used 50456K [0x00000000e0000000, 0x00000000e7080000, 0x00000000f5580000)
  object space 115200K, 43% used [0x00000000e0000000,0x00000000e31460d8,0x00000000e7080000)
 Metaspace       used 79687K, capacity 86422K, committed 86656K, reserved 1124352K
  class space    used 9565K, capacity 11626K, committed 11648K, reserved 1048576K
Event: 516.044 GC heap after
Heap after GC invocations=28 (full 6):
 PSYoungGen      total 91136K, used 4964K [0x00000000f5580000, 0x00000000fc400000, 0x0000000100000000)
  eden space 75264K, 0% used [0x00000000f5580000,0x00000000f5580000,0x00000000f9f00000)
  from space 15872K, 31% used [0x00000000fb480000,0x00000000fb959310,0x00000000fc400000)
  to   space 18944K, 0% used [0x00000000f9f00000,0x00000000f9f00000,0x00000000fb180000)
 ParOldGen       total 115200K, used 50456K [0x00000000e0000000, 0x00000000e7080000, 0x00000000f5580000)
  object space 115200K, 43% used [0x00000000e0000000,0x00000000e31460d8,0x00000000e7080000)
 Metaspace       used 79687K, capacity 86422K, committed 86656K, reserved 1124352K
  class space    used 9565K, capacity 11626K, committed 11648K, reserved 1048576K
}
Event: 944.061 GC heap before
{Heap before GC invocations=29 (full 6):
 PSYoungGen      total 91136K, used 80228K [0x00000000f5580000, 0x00000000fc400000, 0x0000000100000000)
  eden space 75264K, 100% used [0x00000000f5580000,0x00000000f9f00000,0x00000000f9f00000)
  from space 15872K, 31% used [0x00000000fb480000,0x00000000fb959310,0x00000000fc400000)
  to   space 18944K, 0% used [0x00000000f9f00000,0x00000000f9f00000,0x00000000fb180000)
 ParOldGen       total 115200K, used 50456K [0x00000000e0000000, 0x00000000e7080000, 0x00000000f5580000)
  object space 115200K, 43% used [0x00000000e0000000,0x00000000e31460d8,0x00000000e7080000)
 Metaspace       used 79981K, capacity 86620K, committed 86656K, reserved 1124352K
  class space    used 9567K, capacity 11627K, committed 11648K, reserved 1048576K
Event: 944.072 GC heap after
Heap after GC invocations=29 (full 6):
 PSYoungGen      total 79360K, used 5921K [0x00000000f5580000, 0x00000000fc000000, 0x0000000100000000)
  eden space 73216K, 0% used [0x00000000f5580000,0x00000000f5580000,0x00000000f9d00000)
  from space 6144K, 96% used [0x00000000f9f00000,0x00000000fa4c8438,0x00000000fa500000)
  to   space 17920K, 0% used [0x00000000fae80000,0x00000000fae80000,0x00000000fc000000)
 ParOldGen       total 115200K, used 50464K [0x00000000e0000000, 0x00000000e7080000, 0x00000000f5580000)
  object space 115200K, 43% used [0x00000000e0000000,0x00000000e31480d8,0x00000000e7080000)
 Metaspace       used 79981K, capacity 86620K, committed 86656K, reserved 1124352K
  class space    used 9567K, capacity 11627K, committed 11648K, reserved 1048576K
}
Event: 1429.488 GC heap before
{Heap before GC invocations=30 (full 6):
 PSYoungGen      total 79360K, used 79137K [0x00000000f5580000, 0x00000000fc000000, 0x0000000100000000)
  eden space 73216K, 100% used [0x00000000f5580000,0x00000000f9d00000,0x00000000f9d00000)
  from space 6144K, 96% used [0x00000000f9f00000,0x00000000fa4c8438,0x00000000fa500000)
  to   space 17920K, 0% used [0x00000000fae80000,0x00000000fae80000,0x00000000fc000000)
 ParOldGen       total 115200K, used 50464K [0x00000000e0000000, 0x00000000e7080000, 0x00000000f5580000)
  object space 115200K, 43% used [0x00000000e0000000,0x00000000e31480d8,0x00000000e7080000)
 Metaspace       used 80008K, capacity 86620K, committed 86656K, reserved 1124352K
  class space    used 9567K, capacity 11627K, committed 11648K, reserved 1048576K
Event: 1429.498 GC heap after
Heap after GC invocations=30 (full 6):
 PSYoungGen      total 86016K, used 5025K [0x00000000f5580000, 0x00000000fbc80000, 0x0000000100000000)
  eden space 71680K, 0% used [0x00000000f5580000,0x00000000f5580000,0x00000000f9b80000)
  from space 14336K, 35% used [0x00000000fae80000,0x00000000fb368450,0x00000000fbc80000)
  to   space 16896K, 0% used [0x00000000f9b80000,0x00000000f9b80000,0x00000000fac00000)
 ParOldGen       total 115200K, used 50472K [0x00000000e0000000, 0x00000000e7080000, 0x00000000f5580000)
  object space 115200K, 43% used [0x00000000e0000000,0x00000000e314a0d8,0x00000000e7080000)
 Metaspace       used 80008K, capacity 86620K, committed 86656K, reserved 1124352K
  class space    used 9567K, capacity 11627K, committed 11648K, reserved 1048576K
}

